0 info it worked if it ends with ok
1 verbose cli [ '/usr/bin/nodejs', '/usr/bin/npm', 'start', 'Worker' ]
2 info using npm@3.9.5
3 info using node@v6.2.2
4 verbose run-script [ 'prestart', 'start', 'poststart' ]
5 info lifecycle easkubes@1.0.0~prestart: easkubes@1.0.0
6 silly lifecycle easkubes@1.0.0~prestart: no script for prestart, continuing
7 info lifecycle easkubes@1.0.0~start: easkubes@1.0.0
8 verbose lifecycle easkubes@1.0.0~start: unsafe-perm in lifecycle true
9 verbose lifecycle easkubes@1.0.0~start: PATH: /usr/lib/node_modules/npm/bin/node-gyp-bin:/opt/easkubes/node_modules/.bin:/usr/bin:/root/google-cloud-sdk/bin:/root/google-cloud-sdk/bin:/usr/local/sbin:/usr/local/bin:/usr/sbin:/usr/bin:/sbin:/bin
10 verbose lifecycle easkubes@1.0.0~start: CWD: /opt/easkubes
11 silly lifecycle easkubes@1.0.0~start: Args: [ '-c', 'node loader.js "Worker"' ]
12 silly lifecycle easkubes@1.0.0~start: Returned: code: 137  signal: null
13 info lifecycle easkubes@1.0.0~start: Failed to exec start script
14 verbose stack Error: easkubes@1.0.0 start: `node loader.js "Worker"`
14 verbose stack Exit status 137
14 verbose stack     at EventEmitter.<anonymous> (/usr/lib/node_modules/npm/lib/utils/lifecycle.js:245:16)
14 verbose stack     at emitTwo (events.js:106:13)
14 verbose stack     at EventEmitter.emit (events.js:191:7)
14 verbose stack     at ChildProcess.<anonymous> (/usr/lib/node_modules/npm/lib/utils/spawn.js:24:14)
14 verbose stack     at emitTwo (events.js:106:13)
14 verbose stack     at ChildProcess.emit (events.js:191:7)
14 verbose stack     at maybeClose (internal/child_process.js:852:16)
14 verbose stack     at Process.ChildProcess._handle.onexit (internal/child_process.js:215:5)
15 verbose pkgid easkubes@1.0.0
16 verbose cwd /opt/easkubes
17 error Linux 3.16.0-4-amd64
18 error argv "/usr/bin/nodejs" "/usr/bin/npm" "start" "Worker"
19 error node v6.2.2
20 error npm  v3.9.5
21 error code ELIFECYCLE
22 error easkubes@1.0.0 start: `node loader.js "Worker"`
22 error Exit status 137
23 error Failed at the easkubes@1.0.0 start script 'node loader.js "Worker"'.
23 error Make sure you have the latest version of node.js and npm installed.
23 error If you do, this is most likely a problem with the easkubes package,
23 error not with npm itself.
23 error Tell the author that this fails on your system:
23 error     node loader.js "Worker"
23 error You can get information on how to open an issue for this project with:
23 error     npm bugs easkubes
23 error Or if that isn't available, you can get their info via:
23 error     npm owner ls easkubes
23 error There is likely additional logging output above.
24 verbose exit [ 1, true ]
